[debug] [2022-12-30T16:28:07.824Z] ----------------------------------------------------------------------
[debug] [2022-12-30T16:28:07.827Z] Command:       C:\Program Files\nodejs\node.exe C:\Users\mzafirovski\AppData\Roaming\npm\node_modules\firebase-tools\lib\bin\firebase.js emulators:start --only functions
[debug] [2022-12-30T16:28:07.828Z] CLI Version:   11.17.0
[debug] [2022-12-30T16:28:07.828Z] Platform:      win32
[debug] [2022-12-30T16:28:07.828Z] Node Version:  v16.15.1
[debug] [2022-12-30T16:28:07.830Z] Time:          Fri Dec 30 2022 17:28:07 GMT+0100 (Central European Standard Time)
[debug] [2022-12-30T16:28:07.830Z] ----------------------------------------------------------------------
[debug] 
[debug] [2022-12-30T16:28:07.914Z] > command requires scopes: ["email","openid","https://www.googleapis.com/auth/cloudplatformprojects.readonly","https://www.googleapis.com/auth/firebase","https://www.googleapis.com/auth/cloud-platform"]
[debug] [2022-12-30T16:28:07.914Z] > authorizing via signed-in user (mihailzafirovski@gmail.com)
[info] i  emulators: Starting emulators: functions {"metadata":{"emulator":{"name":"hub"},"message":"Starting emulators: functions"}}
[debug] [2022-12-30T16:28:07.923Z] [logging] Logging Emulator only supports listening on one address (127.0.0.1). Not listening on ::1
[debug] [2022-12-30T16:28:07.923Z] assigned listening specs for emulators {"user":{"hub":[{"address":"127.0.0.1","family":"IPv4","port":4400},{"address":"::1","family":"IPv6","port":4400}],"ui":[{"address":"127.0.0.1","family":"IPv4","port":4000},{"address":"::1","family":"IPv6","port":4000}],"logging":[{"address":"127.0.0.1","family":"IPv4","port":4500}]},"metadata":{"message":"assigned listening specs for emulators"}}
[debug] [2022-12-30T16:28:07.933Z] [hub] writing locator at C:\Users\MZAFIR~1\AppData\Local\Temp\hub-fitness-army.json
[debug] [2022-12-30T16:28:07.963Z] [functions] Functions Emulator only supports listening on one address (127.0.0.1). Not listening on ::1
[debug] [2022-12-30T16:28:07.963Z] [eventarc] Eventarc Emulator only supports listening on one address (127.0.0.1). Not listening on ::1
[debug] [2022-12-30T16:28:07.964Z] late-assigned ports for functions and eventarc emulators {"user":{"hub":[{"address":"127.0.0.1","family":"IPv4","port":4400},{"address":"::1","family":"IPv6","port":4400}],"ui":[{"address":"127.0.0.1","family":"IPv4","port":4000},{"address":"::1","family":"IPv6","port":4000}],"logging":[{"address":"127.0.0.1","family":"IPv4","port":4500}],"functions":[{"address":"127.0.0.1","family":"IPv4","port":5001}],"eventarc":[{"address":"127.0.0.1","family":"IPv4","port":9299}]},"metadata":{"message":"late-assigned ports for functions and eventarc emulators"}}
[warn] !  functions: The following emulators are not running, calls to these services from the Functions emulator will affect production: auth, firestore, database, hosting, pubsub, storage {"metadata":{"emulator":{"name":"functions"},"message":"The following emulators are not running, calls to these services from the Functions emulator will affect production: \u001b[1mauth, firestore, database, hosting, pubsub, storage\u001b[22m"}}
[info] +  functions: Using node@16 from host. {"metadata":{"emulator":{"name":"functions"},"message":"Using node@16 from host."}}
[debug] [2022-12-30T16:28:08.002Z] defaultcredentials: writing to file C:\Users\mzafirovski\AppData\Roaming\firebase\mihailzafirovski_gmail_com_application_default_credentials.json
[debug] [2022-12-30T16:28:08.006Z] Setting GAC to C:\Users\mzafirovski\AppData\Roaming\firebase\mihailzafirovski_gmail_com_application_default_credentials.json {"metadata":{"emulator":{"name":"functions"},"message":"Setting GAC to C:\\Users\\mzafirovski\\AppData\\Roaming\\firebase\\mihailzafirovski_gmail_com_application_default_credentials.json"}}
[debug] [2022-12-30T16:28:08.008Z] >>> [apiv2][query] GET https://firebase.googleapis.com/v1beta1/projects/fitness-army/adminSdkConfig [none]
[debug] [2022-12-30T16:28:08.525Z] <<< [apiv2][status] GET https://firebase.googleapis.com/v1beta1/projects/fitness-army/adminSdkConfig 200
[debug] [2022-12-30T16:28:08.525Z] <<< [apiv2][body] GET https://firebase.googleapis.com/v1beta1/projects/fitness-army/adminSdkConfig {"projectId":"fitness-army","databaseURL":"https://fitness-army-default-rtdb.europe-west1.firebasedatabase.app","storageBucket":"fitness-army.appspot.com","locationId":"europe-west"}
[debug] [2022-12-30T16:28:08.545Z] Ignoring unsupported arg: auto_download {"metadata":{"emulator":{"name":"ui"},"message":"Ignoring unsupported arg: auto_download"}}
[debug] [2022-12-30T16:28:08.545Z] Ignoring unsupported arg: port {"metadata":{"emulator":{"name":"ui"},"message":"Ignoring unsupported arg: port"}}
[debug] [2022-12-30T16:28:08.546Z] Starting Emulator UI with command {"binary":"node","args":["C:\\Users\\mzafirovski\\.cache\\firebase\\emulators\\ui-v1.11.1\\server\\server.js"],"optionalArgs":[],"joinArgs":false} {"metadata":{"emulator":{"name":"ui"},"message":"Starting Emulator UI with command {\"binary\":\"node\",\"args\":[\"C:\\\\Users\\\\mzafirovski\\\\.cache\\\\firebase\\\\emulators\\\\ui-v1.11.1\\\\server\\\\server.js\"],\"optionalArgs\":[],\"joinArgs\":false}"}}
[info] i  ui: Emulator UI logging to ui-debug.log {"metadata":{"emulator":{"name":"ui"},"message":"Emulator UI logging to \u001b[1mui-debug.log\u001b[22m"}}
[debug] [2022-12-30T16:28:08.670Z] Web / API server started at 127.0.0.1:4000
 {"metadata":{"emulator":{"name":"ui"},"message":"Web / API server started at 127.0.0.1:4000\n"}}
[debug] [2022-12-30T16:28:08.671Z] Web / API server started at ::1:4000
 {"metadata":{"emulator":{"name":"ui"},"message":"Web / API server started at ::1:4000\n"}}
[info] i  functions: Watching "C:\Users\mzafirovski\WebstormProjects\Diplomska\fitness-army\functions" for Cloud Functions... {"metadata":{"emulator":{"name":"functions"},"message":"Watching \"C:\\Users\\mzafirovski\\WebstormProjects\\Diplomska\\fitness-army\\functions\" for Cloud Functions..."}}
[debug] [2022-12-30T16:28:08.822Z] Validating nodejs source
[warn] !  functions: package.json indicates an outdated version of firebase-functions. Please upgrade using npm install --save firebase-functions@latest in your functions directory. 
[warn] !  functions: Please note that there will be breaking changes when you upgrade. 
[debug] [2022-12-30T16:28:11.525Z] > [functions] package.json contents: {
  "name": "functions",
  "scripts": {
    "lint": "eslint",
    "build": "tsc",
    "build:watch": "tsc --watch",
    "serve": "npm run build && firebase emulators:start --only functions",
    "shell": "npm run build && firebase functions:shell",
    "start": "npm run shell",
    "deploy": "firebase deploy --only functions",
    "logs": "firebase functions:log"
  },
  "engines": {
    "node": "16"
  },
  "main": "lib/index.js",
  "dependencies": {
    "firebase-admin": "^10.0.2",
    "firebase-functions": "^3.23.0"
  },
  "devDependencies": {
    "@typescript-eslint/eslint-plugin": "^5.12.0",
    "@typescript-eslint/parser": "^5.12.0",
    "eslint": "^8.9.0",
    "eslint-config-google": "^0.14.0",
    "eslint-plugin-import": "^2.25.4",
    "firebase-functions-test": "^0.2.0",
    "typescript": "^4.5.4"
  },
  "private": true
}
[debug] [2022-12-30T16:28:11.525Z] Building nodejs source
[debug] [2022-12-30T16:28:11.525Z] Analyzing nodejs backend spec
[debug] [2022-12-30T16:28:11.527Z] Could not find functions.yaml. Must use http discovery
[debug] [2022-12-30T16:28:11.801Z] Serving at port 9005

[debug] [2022-12-30T16:28:11.922Z] Got response from /__/functions.yaml {"endpoints":{"app":{"platform":"gcfv1","httpsTrigger":{},"entryPoint":"app"}},"specVersion":"v1alpha1","requiredAPIs":[]}
[debug] [2022-12-30T16:28:11.929Z] shutdown requested via /__/quitquitquit

[info] +  functions: Loaded functions definitions from source: app. {"metadata":{"emulator":{"name":"functions"},"message":"Loaded functions definitions from source: app."}}
[info] +  functions[us-central1-app]: http function initialized (http://127.0.0.1:5001/fitness-army/us-central1/app). {"metadata":{"emulator":{"name":"functions"},"message":"\u001b[1mhttp\u001b[22m function initialized (http://127.0.0.1:5001/fitness-army/us-central1/app)."}}
[info] 
┌─────────────────────────────────────────────────────────────┐
│ ✔  All emulators ready! It is now safe to connect your app. │
│ i  View Emulator UI at http://127.0.0.1:4000/               │
└─────────────────────────────────────────────────────────────┘

┌───────────┬────────────────┬─────────────────────────────────┐
│ Emulator  │ Host:Port      │ View in Emulator UI             │
├───────────┼────────────────┼─────────────────────────────────┤
│ Functions │ 127.0.0.1:5001 │ http://127.0.0.1:4000/functions │
└───────────┴────────────────┴─────────────────────────────────┘
  Emulator Hub running at 127.0.0.1:4400
  Other reserved ports: 4500

Issues? Report them at https://github.com/firebase/firebase-tools/issues and attach the *-debug.log files.
 
[debug] [2022-12-30T16:28:18.841Z] [work-queue] {"queueLength":1,"workRunningCount":0}
[debug] [2022-12-30T16:28:18.842Z] [work-queue] {"queueLength":0,"workRunningCount":1}
[debug] [2022-12-30T16:28:18.843Z] Accepted request GET /fitness-army/us-central1/app/api/blogs?category=%22%20%22 --> us-central1-app
[debug] [2022-12-30T16:28:18.850Z] [functions] Runtime ready! Sending request! {"metadata":{"emulator":{"name":"functions"},"message":"[functions] Runtime ready! Sending request!"}}
[debug] [2022-12-30T16:28:18.851Z] [functions] Got req.url=/fitness-army/us-central1/app/api/blogs?category=%22%20%22, mapping to path=/api/blogs?category=%22%20%22 {"metadata":{"emulator":{"name":"functions"},"message":"[functions] Got req.url=/fitness-army/us-central1/app/api/blogs?category=%22%20%22, mapping to path=/api/blogs?category=%22%20%22"}}
[debug] [2022-12-30T16:28:18.865Z] [worker-pool] addWorker(us-central1-app) {"metadata":{"emulator":{"name":"functions"},"message":"[worker-pool] addWorker(us-central1-app)"}}
[debug] [2022-12-30T16:28:18.865Z] [worker-pool] Adding worker with key us-central1-app, total=1 {"metadata":{"emulator":{"name":"functions"},"message":"[worker-pool] Adding worker with key us-central1-app, total=1"}}
[debug] [2022-12-30T16:28:19.917Z] [runtime-status] [12056] Resolved module firebase-admin {"declared":true,"installed":true,"version":"10.3.0","resolution":"C:\\Users\\mzafirovski\\WebstormProjects\\Diplomska\\fitness-army\\functions\\node_modules\\firebase-admin\\lib\\index.js"} {"metadata":{"emulator":{"name":"functions"},"function":{"name":"us-central1-app"},"extension":{},"message":"[runtime-status] [12056] Resolved module firebase-admin {\"declared\":true,\"installed\":true,\"version\":\"10.3.0\",\"resolution\":\"C:\\\\Users\\\\mzafirovski\\\\WebstormProjects\\\\Diplomska\\\\fitness-army\\\\functions\\\\node_modules\\\\firebase-admin\\\\lib\\\\index.js\"}"}}
[debug] [2022-12-30T16:28:19.920Z] [runtime-status] [12056] Resolved module firebase-functions {"declared":true,"installed":true,"version":"3.24.1","resolution":"C:\\Users\\mzafirovski\\WebstormProjects\\Diplomska\\fitness-army\\functions\\node_modules\\firebase-functions\\lib\\index.js"} {"metadata":{"emulator":{"name":"functions"},"function":{"name":"us-central1-app"},"extension":{},"message":"[runtime-status] [12056] Resolved module firebase-functions {\"declared\":true,\"installed\":true,\"version\":\"3.24.1\",\"resolution\":\"C:\\\\Users\\\\mzafirovski\\\\WebstormProjects\\\\Diplomska\\\\fitness-army\\\\functions\\\\node_modules\\\\firebase-functions\\\\lib\\\\index.js\"}"}}
[debug] [2022-12-30T16:28:19.921Z] [runtime-status] [12056] Outgoing network have been stubbed. [{"name":"http","status":"mocked"},{"name":"http","status":"mocked"},{"name":"https","status":"mocked"},{"name":"https","status":"mocked"},{"name":"net","status":"mocked"}] {"metadata":{"emulator":{"name":"functions"},"function":{"name":"us-central1-app"},"extension":{},"message":"[runtime-status] [12056] Outgoing network have been stubbed. [{\"name\":\"http\",\"status\":\"mocked\"},{\"name\":\"http\",\"status\":\"mocked\"},{\"name\":\"https\",\"status\":\"mocked\"},{\"name\":\"https\",\"status\":\"mocked\"},{\"name\":\"net\",\"status\":\"mocked\"}]"}}
[debug] [2022-12-30T16:28:19.922Z] [runtime-status] [12056] Resolved module firebase-functions {"declared":true,"installed":true,"version":"3.24.1","resolution":"C:\\Users\\mzafirovski\\WebstormProjects\\Diplomska\\fitness-army\\functions\\node_modules\\firebase-functions\\lib\\index.js"} {"metadata":{"emulator":{"name":"functions"},"function":{"name":"us-central1-app"},"extension":{},"message":"[runtime-status] [12056] Resolved module firebase-functions {\"declared\":true,\"installed\":true,\"version\":\"3.24.1\",\"resolution\":\"C:\\\\Users\\\\mzafirovski\\\\WebstormProjects\\\\Diplomska\\\\fitness-army\\\\functions\\\\node_modules\\\\firebase-functions\\\\lib\\\\index.js\"}"}}
[debug] [2022-12-30T16:28:19.959Z] [runtime-status] [12056] Checked functions.config() {"config":{}} {"metadata":{"emulator":{"name":"functions"},"function":{"name":"us-central1-app"},"extension":{},"message":"[runtime-status] [12056] Checked functions.config() {\"config\":{}}"}}
[debug] [2022-12-30T16:28:19.960Z] [runtime-status] [12056] firebase-functions has been stubbed. {"functionsResolution":{"declared":true,"installed":true,"version":"3.24.1","resolution":"C:\\Users\\mzafirovski\\WebstormProjects\\Diplomska\\fitness-army\\functions\\node_modules\\firebase-functions\\lib\\index.js"}} {"metadata":{"emulator":{"name":"functions"},"function":{"name":"us-central1-app"},"extension":{},"message":"[runtime-status] [12056] firebase-functions has been stubbed. {\"functionsResolution\":{\"declared\":true,\"installed\":true,\"version\":\"3.24.1\",\"resolution\":\"C:\\\\Users\\\\mzafirovski\\\\WebstormProjects\\\\Diplomska\\\\fitness-army\\\\functions\\\\node_modules\\\\firebase-functions\\\\lib\\\\index.js\"}}"}}
[debug] [2022-12-30T16:28:19.961Z] [runtime-status] [12056] Resolved module firebase-functions {"declared":true,"installed":true,"version":"3.24.1","resolution":"C:\\Users\\mzafirovski\\WebstormProjects\\Diplomska\\fitness-army\\functions\\node_modules\\firebase-functions\\lib\\index.js"} {"metadata":{"emulator":{"name":"functions"},"function":{"name":"us-central1-app"},"extension":{},"message":"[runtime-status] [12056] Resolved module firebase-functions {\"declared\":true,\"installed\":true,\"version\":\"3.24.1\",\"resolution\":\"C:\\\\Users\\\\mzafirovski\\\\WebstormProjects\\\\Diplomska\\\\fitness-army\\\\functions\\\\node_modules\\\\firebase-functions\\\\lib\\\\index.js\"}"}}
[debug] [2022-12-30T16:28:19.962Z] [runtime-status] [12056] Resolved module firebase-admin {"declared":true,"installed":true,"version":"10.3.0","resolution":"C:\\Users\\mzafirovski\\WebstormProjects\\Diplomska\\fitness-army\\functions\\node_modules\\firebase-admin\\lib\\index.js"} {"metadata":{"emulator":{"name":"functions"},"function":{"name":"us-central1-app"},"extension":{},"message":"[runtime-status] [12056] Resolved module firebase-admin {\"declared\":true,\"installed\":true,\"version\":\"10.3.0\",\"resolution\":\"C:\\\\Users\\\\mzafirovski\\\\WebstormProjects\\\\Diplomska\\\\fitness-army\\\\functions\\\\node_modules\\\\firebase-admin\\\\lib\\\\index.js\"}"}}
[debug] [2022-12-30T16:28:19.964Z] [runtime-status] [12056] Resolved module firebase-functions {"declared":true,"installed":true,"version":"3.24.1","resolution":"C:\\Users\\mzafirovski\\WebstormProjects\\Diplomska\\fitness-army\\functions\\node_modules\\firebase-functions\\lib\\index.js"} {"metadata":{"emulator":{"name":"functions"},"function":{"name":"us-central1-app"},"extension":{},"message":"[runtime-status] [12056] Resolved module firebase-functions {\"declared\":true,\"installed\":true,\"version\":\"3.24.1\",\"resolution\":\"C:\\\\Users\\\\mzafirovski\\\\WebstormProjects\\\\Diplomska\\\\fitness-army\\\\functions\\\\node_modules\\\\firebase-functions\\\\lib\\\\index.js\"}"}}
[debug] [2022-12-30T16:28:19.964Z] [runtime-status] [12056] firebase-admin has been stubbed. {"adminResolution":{"declared":true,"installed":true,"version":"10.3.0","resolution":"C:\\Users\\mzafirovski\\WebstormProjects\\Diplomska\\fitness-army\\functions\\node_modules\\firebase-admin\\lib\\index.js"}} {"metadata":{"emulator":{"name":"functions"},"function":{"name":"us-central1-app"},"extension":{},"message":"[runtime-status] [12056] firebase-admin has been stubbed. {\"adminResolution\":{\"declared\":true,\"installed\":true,\"version\":\"10.3.0\",\"resolution\":\"C:\\\\Users\\\\mzafirovski\\\\WebstormProjects\\\\Diplomska\\\\fitness-army\\\\functions\\\\node_modules\\\\firebase-admin\\\\lib\\\\index.js\"}}"}}
[debug] [2022-12-30T16:28:20.130Z] [runtime-status] [12056] initializeApp(DEFAULT) {"credential":{"implicit":false,"projectId":"fitness-army","privateKey":"-----BEGIN PRIVATE KEY-----\nMIIEvgIBADANBgkqhkiG9w0BAQEFAASCBKgwggSkAgEAAoIBAQDGTdY9TD2HeQVL\n8NSt/Fzw1UnK313LzRujpE45yalEllVjPduuQxFbn1FkJPNErIQ5AlytH8eqtIfB\naPruxoBY+xYqkPEdksup1PL9hgCKsseKhakjmI7ERrr6sz5wlYBI1lq/IRF9B8Mq\nK8z1gDyBdOAz5Jvgx0Isd43ENQzsAMMdpLIViTtmQjE1ZTM6gSmpKg07s1b4UlBZ\nj4gbQtcAuh9izLWVwDw3xrEpTvfS4cZCft19Ls035FLIAZZuYuoqzmXQMA1e9GJe\n27htIqeUgX0EOnr+l4FcP0XNLQsavhmie3K7K56C/XJmL/oh1kHmA6e+A6mNYDpS\nwSpeBd1dAgMBAAECggEAV6Ew0ZCdxf5YNVk8mo/hADm4bLJtD/DYzGUAfm/bYWgv\nXnYI3EZd5seN33umlovHuCuPiZ94C7rQHMtHy/ki4W8/Odsn+YIThr6IDDlJhwD+\nxXtQJV82g4yf9sX7iyO9dzJmEnzJ7h7egwWtAjXDRw+/PZ9BtMBIwT6pgnFQ/v6F\nQI4GEMSowYYqt9bT1pKb3okJRea2MhkGzBxhREaIHWQEpzHuz94whkJ4zrVw5A3z\nBoTcSIDa7zWpkf4/LZ9Ar8sskJLA1Zqg6wjL+XXGBNsqHTNuD1QClVyHXo640gQN\nQfl9W5Px57RiZJQUOZVCcS4C9ofyRXQUxx4PgCSXfwKBgQD3BmCrtSNsvOZt7W9z\nddLKwq+2aysTyiAlQfZbYMrvRbzV+QNbmSAXad1Xtm1b8sN6hJEg/ZyjziDqVD5G\nXmOpW6E4M9KZav+hf+nakA8z3CTXEmFk2cxeXXMUkGfl+R85i2YLRsSQwwkYzcvy\nQbMd5T2wiZG7x1AwDFyp0Ev2bwKBgQDNgkxDKyMPHTPSwBlSliZZ+bEQAVuridEV\naWqWKED/syN9wnXiHmtgZswcm8IIabDcT1LnNm0djeByuPPKywNkTMsQYWE8s77P\nM/C4ytZvy1I/qH3xd0Da00d2mwfYdE2dWuzxNNfMgxYxDpy2UdiPfA0XqeFZgMrP\ngMH1RA0u8wKBgE94gck78TWeYBOle2GN2k7Y62aoe6dWM5lI61TigucPbHz6K5Zg\nYO6nZEo/qlcWdsUHuRj//lDEk9pPV+mTnERz8h3+rhYlUjBG0pk6F2n7vO5kP2kO\nmK0TK17GRma6Cs2chyvBjKN124tbSe2aLWHEyl/tIjFjIe0TTQxkssuJAoGBAJyo\nJMZXDcSpuCWBdkw0VUvlQQo4Xs7modG2qB+K0/GXdwiYwg/6rFOySQnN2h1bpAxt\nE39ZR9htnJkXUBBYrV86AtmbwenqAxwkNe5IASr7TNll8YuuImws/p71Ewf3sGqx\nM0mzxIULsFD5GJEK1xCZuck+IKB/wxpmxnPWyk3tAoGBAOqgLSkyA3ZSd/7LNgy/\nEFcFlKEh03rxUSSa2K0QOc8j3JMAWYuBfBieZfKglvllxn0y463RJFdHZvuFibKu\nNqb4ABQUZf9JGE7VxxwZEcPCpDO4DSs43oVTxXSHL91uWnoLJJ2tB6FsN1JPI77v\nd1R2JJDnuungqrHB4j3wYLf9\n-----END PRIVATE KEY-----\n","clientEmail":"firebase-adminsdk-ba3tu@fitness-army.iam.gserviceaccount.com","httpClient":{"retry":{"maxRetries":4,"statusCodes":[503],"ioErrorCodes":["ECONNRESET","ETIMEDOUT"],"backOffFactor":0.5,"maxDelayInMillis":60000}}},"databaseURL":"https://fitness-army-default-rtdb.europe-west1.firebasedatabase.app"} {"metadata":{"emulator":{"name":"functions"},"function":{"name":"us-central1-app"},"extension":{},"message":"[runtime-status] [12056] initializeApp(DEFAULT) {\"credential\":{\"implicit\":false,\"projectId\":\"fitness-army\",\"privateKey\":\"-----BEGIN PRIVATE KEY-----\\nMIIEvgIBADANBgkqhkiG9w0BAQEFAASCBKgwggSkAgEAAoIBAQDGTdY9TD2HeQVL\\n8NSt/Fzw1UnK313LzRujpE45yalEllVjPduuQxFbn1FkJPNErIQ5AlytH8eqtIfB\\naPruxoBY+xYqkPEdksup1PL9hgCKsseKhakjmI7ERrr6sz5wlYBI1lq/IRF9B8Mq\\nK8z1gDyBdOAz5Jvgx0Isd43ENQzsAMMdpLIViTtmQjE1ZTM6gSmpKg07s1b4UlBZ\\nj4gbQtcAuh9izLWVwDw3xrEpTvfS4cZCft19Ls035FLIAZZuYuoqzmXQMA1e9GJe\\n27htIqeUgX0EOnr+l4FcP0XNLQsavhmie3K7K56C/XJmL/oh1kHmA6e+A6mNYDpS\\nwSpeBd1dAgMBAAECggEAV6Ew0ZCdxf5YNVk8mo/hADm4bLJtD/DYzGUAfm/bYWgv\\nXnYI3EZd5seN33umlovHuCuPiZ94C7rQHMtHy/ki4W8/Odsn+YIThr6IDDlJhwD+\\nxXtQJV82g4yf9sX7iyO9dzJmEnzJ7h7egwWtAjXDRw+/PZ9BtMBIwT6pgnFQ/v6F\\nQI4GEMSowYYqt9bT1pKb3okJRea2MhkGzBxhREaIHWQEpzHuz94whkJ4zrVw5A3z\\nBoTcSIDa7zWpkf4/LZ9Ar8sskJLA1Zqg6wjL+XXGBNsqHTNuD1QClVyHXo640gQN\\nQfl9W5Px57RiZJQUOZVCcS4C9ofyRXQUxx4PgCSXfwKBgQD3BmCrtSNsvOZt7W9z\\nddLKwq+2aysTyiAlQfZbYMrvRbzV+QNbmSAXad1Xtm1b8sN6hJEg/ZyjziDqVD5G\\nXmOpW6E4M9KZav+hf+nakA8z3CTXEmFk2cxeXXMUkGfl+R85i2YLRsSQwwkYzcvy\\nQbMd5T2wiZG7x1AwDFyp0Ev2bwKBgQDNgkxDKyMPHTPSwBlSliZZ+bEQAVuridEV\\naWqWKED/syN9wnXiHmtgZswcm8IIabDcT1LnNm0djeByuPPKywNkTMsQYWE8s77P\\nM/C4ytZvy1I/qH3xd0Da00d2mwfYdE2dWuzxNNfMgxYxDpy2UdiPfA0XqeFZgMrP\\ngMH1RA0u8wKBgE94gck78TWeYBOle2GN2k7Y62aoe6dWM5lI61TigucPbHz6K5Zg\\nYO6nZEo/qlcWdsUHuRj//lDEk9pPV+mTnERz8h3+rhYlUjBG0pk6F2n7vO5kP2kO\\nmK0TK17GRma6Cs2chyvBjKN124tbSe2aLWHEyl/tIjFjIe0TTQxkssuJAoGBAJyo\\nJMZXDcSpuCWBdkw0VUvlQQo4Xs7modG2qB+K0/GXdwiYwg/6rFOySQnN2h1bpAxt\\nE39ZR9htnJkXUBBYrV86AtmbwenqAxwkNe5IASr7TNll8YuuImws/p71Ewf3sGqx\\nM0mzxIULsFD5GJEK1xCZuck+IKB/wxpmxnPWyk3tAoGBAOqgLSkyA3ZSd/7LNgy/\\nEFcFlKEh03rxUSSa2K0QOc8j3JMAWYuBfBieZfKglvllxn0y463RJFdHZvuFibKu\\nNqb4ABQUZf9JGE7VxxwZEcPCpDO4DSs43oVTxXSHL91uWnoLJJ2tB6FsN1JPI77v\\nd1R2JJDnuungqrHB4j3wYLf9\\n-----END PRIVATE KEY-----\\n\",\"clientEmail\":\"firebase-adminsdk-ba3tu@fitness-army.iam.gserviceaccount.com\",\"httpClient\":{\"retry\":{\"maxRetries\":4,\"statusCodes\":[503],\"ioErrorCodes\":[\"ECONNRESET\",\"ETIMEDOUT\"],\"backOffFactor\":0.5,\"maxDelayInMillis\":60000}}},\"databaseURL\":\"https://fitness-army-default-rtdb.europe-west1.firebasedatabase.app\"}"}}
[warn] !  functions: The Cloud Firestore emulator is not running, so calls to Firestore will affect production. {"metadata":{"emulator":{"name":"functions"},"function":{"name":"us-central1-app"},"extension":{},"message":"The Cloud Firestore emulator is not running, so calls to Firestore will affect production."}}
[debug] [2022-12-30T16:28:20.174Z] [runtime-status] [12056] Functions runtime initialized. {"cwd":"C:\\Users\\mzafirovski\\WebstormProjects\\Diplomska\\fitness-army\\functions","node_version":"16.15.1"} {"metadata":{"emulator":{"name":"functions"},"function":{"name":"us-central1-app"},"extension":{},"message":"[runtime-status] [12056] Functions runtime initialized. {\"cwd\":\"C:\\\\Users\\\\mzafirovski\\\\WebstormProjects\\\\Diplomska\\\\fitness-army\\\\functions\",\"node_version\":\"16.15.1\"}"}}
[debug] [2022-12-30T16:28:20.175Z] [runtime-status] [12056] Listening to port: \\?\pipe\fire_emu_a5043e1eaa35fa50 {"metadata":{"emulator":{"name":"functions"},"function":{"name":"us-central1-app"},"extension":{},"message":"[runtime-status] [12056] Listening to port: \\\\?\\pipe\\fire_emu_a5043e1eaa35fa50"}}
[debug] [2022-12-30T16:28:20.284Z] [worker-us-central1-app-799d2dd1-babb-41a5-9a3a-ac9428bf26ac]: IDLE {"metadata":{"emulator":{"name":"functions"},"message":"[worker-us-central1-app-799d2dd1-babb-41a5-9a3a-ac9428bf26ac]: IDLE"}}
[debug] [2022-12-30T16:28:20.285Z] [worker-pool] submitRequest(triggerId=us-central1-app) {"metadata":{"emulator":{"name":"functions"},"message":"[worker-pool] submitRequest(triggerId=us-central1-app)"}}
[debug] [2022-12-30T16:28:20.285Z] [worker-us-central1-app-799d2dd1-babb-41a5-9a3a-ac9428bf26ac]: BUSY {"metadata":{"emulator":{"name":"functions"},"message":"[worker-us-central1-app-799d2dd1-babb-41a5-9a3a-ac9428bf26ac]: BUSY"}}
[info] i  functions: Beginning execution of "app" {"metadata":{"emulator":{"name":"functions"},"function":{"name":"us-central1-app"},"extension":{},"message":"Beginning execution of \"app\""}}
[info] >  kategorija:  " " {"user":"kategorija:  \" \"","metadata":{"emulator":{"name":"functions"},"function":{"name":"us-central1-app"},"extension":{},"message":"\u001b[90m> \u001b[39m kategorija:  \" \""}}
[info] >  ima kategorija {"user":"ima kategorija","metadata":{"emulator":{"name":"functions"},"function":{"name":"us-central1-app"},"extension":{},"message":"\u001b[90m> \u001b[39m ima kategorija"}}
[debug] [2022-12-30T16:28:21.135Z] [worker-us-central1-app-799d2dd1-babb-41a5-9a3a-ac9428bf26ac]: IDLE {"metadata":{"emulator":{"name":"functions"},"message":"[worker-us-central1-app-799d2dd1-babb-41a5-9a3a-ac9428bf26ac]: IDLE"}}
[debug] [2022-12-30T16:28:21.139Z] [work-queue] {"queueLength":0,"workRunningCount":0}
[info] i  functions: Finished "app" in 847.9429ms {"metadata":{"emulator":{"name":"functions"},"function":{"name":"us-central1-app"},"extension":{},"message":"Finished \"app\" in 847.9429ms"}}
[debug] [2022-12-30T16:28:37.445Z] [work-queue] {"queueLength":1,"workRunningCount":0}
[debug] [2022-12-30T16:28:37.446Z] [work-queue] {"queueLength":0,"workRunningCount":1}
[debug] [2022-12-30T16:28:37.446Z] Accepted request GET /fitness-army/us-central1/app/api/blogs?category=%22%22 --> us-central1-app
[debug] [2022-12-30T16:28:37.453Z] [functions] Runtime ready! Sending request! {"metadata":{"emulator":{"name":"functions"},"message":"[functions] Runtime ready! Sending request!"}}
[debug] [2022-12-30T16:28:37.453Z] [functions] Got req.url=/fitness-army/us-central1/app/api/blogs?category=%22%22, mapping to path=/api/blogs?category=%22%22 {"metadata":{"emulator":{"name":"functions"},"message":"[functions] Got req.url=/fitness-army/us-central1/app/api/blogs?category=%22%22, mapping to path=/api/blogs?category=%22%22"}}
[debug] [2022-12-30T16:28:37.454Z] [worker-pool] submitRequest(triggerId=us-central1-app) {"metadata":{"emulator":{"name":"functions"},"message":"[worker-pool] submitRequest(triggerId=us-central1-app)"}}
[debug] [2022-12-30T16:28:37.454Z] [worker-us-central1-app-799d2dd1-babb-41a5-9a3a-ac9428bf26ac]: BUSY {"metadata":{"emulator":{"name":"functions"},"message":"[worker-us-central1-app-799d2dd1-babb-41a5-9a3a-ac9428bf26ac]: BUSY"}}
[info] i  functions: Beginning execution of "app" {"metadata":{"emulator":{"name":"functions"},"function":{"name":"us-central1-app"},"extension":{},"message":"Beginning execution of \"app\""}}
[info] >  kategorija:  "" {"user":"kategorija:  \"\"","metadata":{"emulator":{"name":"functions"},"function":{"name":"us-central1-app"},"extension":{},"message":"\u001b[90m> \u001b[39m kategorija:  \"\""}}
[info] >  ima kategorija {"user":"ima kategorija","metadata":{"emulator":{"name":"functions"},"function":{"name":"us-central1-app"},"extension":{},"message":"\u001b[90m> \u001b[39m ima kategorija"}}
[debug] [2022-12-30T16:28:37.628Z] [worker-us-central1-app-799d2dd1-babb-41a5-9a3a-ac9428bf26ac]: IDLE {"metadata":{"emulator":{"name":"functions"},"message":"[worker-us-central1-app-799d2dd1-babb-41a5-9a3a-ac9428bf26ac]: IDLE"}}
[debug] [2022-12-30T16:28:37.628Z] [work-queue] {"queueLength":0,"workRunningCount":0}
[info] i  functions: Finished "app" in 169.8732ms {"metadata":{"emulator":{"name":"functions"},"function":{"name":"us-central1-app"},"extension":{},"message":"Finished \"app\" in 169.8732ms"}}
[debug] [2022-12-30T16:28:39.312Z] [work-queue] {"queueLength":1,"workRunningCount":0}
[debug] [2022-12-30T16:28:39.313Z] [work-queue] {"queueLength":0,"workRunningCount":1}
[debug] [2022-12-30T16:28:39.313Z] Accepted request GET /fitness-army/us-central1/app/api/blogs?category=%22%22 --> us-central1-app
[debug] [2022-12-30T16:28:39.320Z] [functions] Runtime ready! Sending request! {"metadata":{"emulator":{"name":"functions"},"message":"[functions] Runtime ready! Sending request!"}}
[debug] [2022-12-30T16:28:39.320Z] [functions] Got req.url=/fitness-army/us-central1/app/api/blogs?category=%22%22, mapping to path=/api/blogs?category=%22%22 {"metadata":{"emulator":{"name":"functions"},"message":"[functions] Got req.url=/fitness-army/us-central1/app/api/blogs?category=%22%22, mapping to path=/api/blogs?category=%22%22"}}
[debug] [2022-12-30T16:28:39.321Z] [worker-pool] submitRequest(triggerId=us-central1-app) {"metadata":{"emulator":{"name":"functions"},"message":"[worker-pool] submitRequest(triggerId=us-central1-app)"}}
[debug] [2022-12-30T16:28:39.321Z] [worker-us-central1-app-799d2dd1-babb-41a5-9a3a-ac9428bf26ac]: BUSY {"metadata":{"emulator":{"name":"functions"},"message":"[worker-us-central1-app-799d2dd1-babb-41a5-9a3a-ac9428bf26ac]: BUSY"}}
[info] i  functions: Beginning execution of "app" {"metadata":{"emulator":{"name":"functions"},"function":{"name":"us-central1-app"},"extension":{},"message":"Beginning execution of \"app\""}}
[info] >  kategorija:  "" {"user":"kategorija:  \"\"","metadata":{"emulator":{"name":"functions"},"function":{"name":"us-central1-app"},"extension":{},"message":"\u001b[90m> \u001b[39m kategorija:  \"\""}}
[info] >  ima kategorija {"user":"ima kategorija","metadata":{"emulator":{"name":"functions"},"function":{"name":"us-central1-app"},"extension":{},"message":"\u001b[90m> \u001b[39m ima kategorija"}}
[debug] [2022-12-30T16:28:39.482Z] [worker-us-central1-app-799d2dd1-babb-41a5-9a3a-ac9428bf26ac]: IDLE {"metadata":{"emulator":{"name":"functions"},"message":"[worker-us-central1-app-799d2dd1-babb-41a5-9a3a-ac9428bf26ac]: IDLE"}}
[debug] [2022-12-30T16:28:39.483Z] [work-queue] {"queueLength":0,"workRunningCount":0}
[info] i  functions: Finished "app" in 155.732ms {"metadata":{"emulator":{"name":"functions"},"function":{"name":"us-central1-app"},"extension":{},"message":"Finished \"app\" in 155.732ms"}}
[debug] [2022-12-30T16:28:42.868Z] [work-queue] {"queueLength":1,"workRunningCount":0}
[debug] [2022-12-30T16:28:42.870Z] [work-queue] {"queueLength":0,"workRunningCount":1}
[debug] [2022-12-30T16:28:42.870Z] Accepted request GET /fitness-army/us-central1/app/api/blogs?category= --> us-central1-app
[debug] [2022-12-30T16:28:42.877Z] [functions] Runtime ready! Sending request! {"metadata":{"emulator":{"name":"functions"},"message":"[functions] Runtime ready! Sending request!"}}
[debug] [2022-12-30T16:28:42.877Z] [functions] Got req.url=/fitness-army/us-central1/app/api/blogs?category=, mapping to path=/api/blogs?category= {"metadata":{"emulator":{"name":"functions"},"message":"[functions] Got req.url=/fitness-army/us-central1/app/api/blogs?category=, mapping to path=/api/blogs?category="}}
[debug] [2022-12-30T16:28:42.877Z] [worker-pool] submitRequest(triggerId=us-central1-app) {"metadata":{"emulator":{"name":"functions"},"message":"[worker-pool] submitRequest(triggerId=us-central1-app)"}}
[debug] [2022-12-30T16:28:42.877Z] [worker-us-central1-app-799d2dd1-babb-41a5-9a3a-ac9428bf26ac]: BUSY {"metadata":{"emulator":{"name":"functions"},"message":"[worker-us-central1-app-799d2dd1-babb-41a5-9a3a-ac9428bf26ac]: BUSY"}}
[info] i  functions: Beginning execution of "app" {"metadata":{"emulator":{"name":"functions"},"function":{"name":"us-central1-app"},"extension":{},"message":"Beginning execution of \"app\""}}
[info] >  kategorija:   {"user":"kategorija:  ","metadata":{"emulator":{"name":"functions"},"function":{"name":"us-central1-app"},"extension":{},"message":"\u001b[90m> \u001b[39m kategorija:  "}}
[debug] [2022-12-30T16:28:43.020Z] [worker-us-central1-app-799d2dd1-babb-41a5-9a3a-ac9428bf26ac]: IDLE {"metadata":{"emulator":{"name":"functions"},"message":"[worker-us-central1-app-799d2dd1-babb-41a5-9a3a-ac9428bf26ac]: IDLE"}}
[debug] [2022-12-30T16:28:43.021Z] [work-queue] {"queueLength":0,"workRunningCount":0}
[info] >  nema kategorija vrati sve mame mu ebem {"user":"nema kategorija vrati sve mame mu ebem","metadata":{"emulator":{"name":"functions"},"function":{"name":"us-central1-app"},"extension":{},"message":"\u001b[90m> \u001b[39m nema kategorija vrati sve mame mu ebem"}}
[info] i  functions: Finished "app" in 141.2259ms {"metadata":{"emulator":{"name":"functions"},"function":{"name":"us-central1-app"},"extension":{},"message":"Finished \"app\" in 141.2259ms"}}
[debug] [2022-12-30T16:29:12.335Z] [work-queue] {"queueLength":1,"workRunningCount":0}
[debug] [2022-12-30T16:29:12.335Z] [work-queue] {"queueLength":0,"workRunningCount":1}
[debug] [2022-12-30T16:29:12.335Z] Accepted request GET /fitness-army/us-central1/app/api/blogs?category=FITNESS --> us-central1-app
[debug] [2022-12-30T16:29:12.342Z] [functions] Runtime ready! Sending request! {"metadata":{"emulator":{"name":"functions"},"message":"[functions] Runtime ready! Sending request!"}}
[debug] [2022-12-30T16:29:12.342Z] [functions] Got req.url=/fitness-army/us-central1/app/api/blogs?category=FITNESS, mapping to path=/api/blogs?category=FITNESS {"metadata":{"emulator":{"name":"functions"},"message":"[functions] Got req.url=/fitness-army/us-central1/app/api/blogs?category=FITNESS, mapping to path=/api/blogs?category=FITNESS"}}
[debug] [2022-12-30T16:29:12.343Z] [worker-pool] submitRequest(triggerId=us-central1-app) {"metadata":{"emulator":{"name":"functions"},"message":"[worker-pool] submitRequest(triggerId=us-central1-app)"}}
[debug] [2022-12-30T16:29:12.343Z] [worker-us-central1-app-799d2dd1-babb-41a5-9a3a-ac9428bf26ac]: BUSY {"metadata":{"emulator":{"name":"functions"},"message":"[worker-us-central1-app-799d2dd1-babb-41a5-9a3a-ac9428bf26ac]: BUSY"}}
[info] i  functions: Beginning execution of "app" {"metadata":{"emulator":{"name":"functions"},"function":{"name":"us-central1-app"},"extension":{},"message":"Beginning execution of \"app\""}}
[info] >  kategorija:  FITNESS {"user":"kategorija:  FITNESS","metadata":{"emulator":{"name":"functions"},"function":{"name":"us-central1-app"},"extension":{},"message":"\u001b[90m> \u001b[39m kategorija:  FITNESS"}}
[debug] [2022-12-30T16:29:12.482Z] [worker-us-central1-app-799d2dd1-babb-41a5-9a3a-ac9428bf26ac]: IDLE {"metadata":{"emulator":{"name":"functions"},"message":"[worker-us-central1-app-799d2dd1-babb-41a5-9a3a-ac9428bf26ac]: IDLE"}}
[debug] [2022-12-30T16:29:12.482Z] [work-queue] {"queueLength":0,"workRunningCount":0}
[info] >  ima kategorija {"user":"ima kategorija","metadata":{"emulator":{"name":"functions"},"function":{"name":"us-central1-app"},"extension":{},"message":"\u001b[90m> \u001b[39m ima kategorija"}}
[info] i  functions: Finished "app" in 135.2672ms {"metadata":{"emulator":{"name":"functions"},"function":{"name":"us-central1-app"},"extension":{},"message":"Finished \"app\" in 135.2672ms"}}
[debug] [2022-12-30T16:34:17.137Z] [work-queue] {"queueLength":1,"workRunningCount":0}
[debug] [2022-12-30T16:34:17.138Z] [work-queue] {"queueLength":0,"workRunningCount":1}
[debug] [2022-12-30T16:34:17.138Z] Accepted request GET /fitness-army/us-central1/app/api/blogs?category=FITNESS --> us-central1-app
[debug] [2022-12-30T16:34:17.147Z] [functions] Runtime ready! Sending request! {"metadata":{"emulator":{"name":"functions"},"message":"[functions] Runtime ready! Sending request!"}}
[debug] [2022-12-30T16:34:17.147Z] [functions] Got req.url=/fitness-army/us-central1/app/api/blogs?category=FITNESS, mapping to path=/api/blogs?category=FITNESS {"metadata":{"emulator":{"name":"functions"},"message":"[functions] Got req.url=/fitness-army/us-central1/app/api/blogs?category=FITNESS, mapping to path=/api/blogs?category=FITNESS"}}
[debug] [2022-12-30T16:34:17.147Z] [worker-pool] submitRequest(triggerId=us-central1-app) {"metadata":{"emulator":{"name":"functions"},"message":"[worker-pool] submitRequest(triggerId=us-central1-app)"}}
[debug] [2022-12-30T16:34:17.147Z] [worker-us-central1-app-799d2dd1-babb-41a5-9a3a-ac9428bf26ac]: BUSY {"metadata":{"emulator":{"name":"functions"},"message":"[worker-us-central1-app-799d2dd1-babb-41a5-9a3a-ac9428bf26ac]: BUSY"}}
[info] i  functions: Beginning execution of "app" {"metadata":{"emulator":{"name":"functions"},"function":{"name":"us-central1-app"},"extension":{},"message":"Beginning execution of \"app\""}}
[info] >  kategorija:  FITNESS {"user":"kategorija:  FITNESS","metadata":{"emulator":{"name":"functions"},"function":{"name":"us-central1-app"},"extension":{},"message":"\u001b[90m> \u001b[39m kategorija:  FITNESS"}}
[info] >  ima kategorija {"user":"ima kategorija","metadata":{"emulator":{"name":"functions"},"function":{"name":"us-central1-app"},"extension":{},"message":"\u001b[90m> \u001b[39m ima kategorija"}}
[debug] [2022-12-30T16:34:17.475Z] [worker-us-central1-app-799d2dd1-babb-41a5-9a3a-ac9428bf26ac]: IDLE {"metadata":{"emulator":{"name":"functions"},"message":"[worker-us-central1-app-799d2dd1-babb-41a5-9a3a-ac9428bf26ac]: IDLE"}}
[debug] [2022-12-30T16:34:17.475Z] [work-queue] {"queueLength":0,"workRunningCount":0}
[info] i  functions: Finished "app" in 323.968ms {"metadata":{"emulator":{"name":"functions"},"function":{"name":"us-central1-app"},"extension":{},"message":"Finished \"app\" in 323.968ms"}}
[debug] [2022-12-30T16:34:48.749Z] [work-queue] {"queueLength":1,"workRunningCount":0}
[debug] [2022-12-30T16:34:48.750Z] [work-queue] {"queueLength":0,"workRunningCount":1}
[debug] [2022-12-30T16:34:48.750Z] Accepted request GET /fitness-army/us-central1/app/api/blogs?category=FOOD --> us-central1-app
[debug] [2022-12-30T16:34:48.758Z] [functions] Runtime ready! Sending request! {"metadata":{"emulator":{"name":"functions"},"message":"[functions] Runtime ready! Sending request!"}}
[debug] [2022-12-30T16:34:48.759Z] [functions] Got req.url=/fitness-army/us-central1/app/api/blogs?category=FOOD, mapping to path=/api/blogs?category=FOOD {"metadata":{"emulator":{"name":"functions"},"message":"[functions] Got req.url=/fitness-army/us-central1/app/api/blogs?category=FOOD, mapping to path=/api/blogs?category=FOOD"}}
[debug] [2022-12-30T16:34:48.759Z] [worker-pool] submitRequest(triggerId=us-central1-app) {"metadata":{"emulator":{"name":"functions"},"message":"[worker-pool] submitRequest(triggerId=us-central1-app)"}}
[debug] [2022-12-30T16:34:48.759Z] [worker-us-central1-app-799d2dd1-babb-41a5-9a3a-ac9428bf26ac]: BUSY {"metadata":{"emulator":{"name":"functions"},"message":"[worker-us-central1-app-799d2dd1-babb-41a5-9a3a-ac9428bf26ac]: BUSY"}}
[info] i  functions: Beginning execution of "app" {"metadata":{"emulator":{"name":"functions"},"function":{"name":"us-central1-app"},"extension":{},"message":"Beginning execution of \"app\""}}
[info] >  kategorija:  FOOD {"user":"kategorija:  FOOD","metadata":{"emulator":{"name":"functions"},"function":{"name":"us-central1-app"},"extension":{},"message":"\u001b[90m> \u001b[39m kategorija:  FOOD"}}
[debug] [2022-12-30T16:34:48.916Z] [worker-us-central1-app-799d2dd1-babb-41a5-9a3a-ac9428bf26ac]: IDLE {"metadata":{"emulator":{"name":"functions"},"message":"[worker-us-central1-app-799d2dd1-babb-41a5-9a3a-ac9428bf26ac]: IDLE"}}
[debug] [2022-12-30T16:34:48.917Z] [work-queue] {"queueLength":0,"workRunningCount":0}
[info] i  functions: Finished "app" in 153.4434ms {"metadata":{"emulator":{"name":"functions"},"function":{"name":"us-central1-app"},"extension":{},"message":"Finished \"app\" in 153.4434ms"}}
[info] >  ima kategorija {"user":"ima kategorija","metadata":{"emulator":{"name":"functions"},"function":{"name":"us-central1-app"},"extension":{},"message":"\u001b[90m> \u001b[39m ima kategorija"}}
[debug] [2022-12-30T16:34:55.493Z] [work-queue] {"queueLength":1,"workRunningCount":0}
[debug] [2022-12-30T16:34:55.494Z] [work-queue] {"queueLength":0,"workRunningCount":1}
[debug] [2022-12-30T16:34:55.494Z] Accepted request GET /fitness-army/us-central1/app/api/blogs?category= --> us-central1-app
[debug] [2022-12-30T16:34:55.501Z] [functions] Runtime ready! Sending request! {"metadata":{"emulator":{"name":"functions"},"message":"[functions] Runtime ready! Sending request!"}}
[debug] [2022-12-30T16:34:55.501Z] [functions] Got req.url=/fitness-army/us-central1/app/api/blogs?category=, mapping to path=/api/blogs?category= {"metadata":{"emulator":{"name":"functions"},"message":"[functions] Got req.url=/fitness-army/us-central1/app/api/blogs?category=, mapping to path=/api/blogs?category="}}
[debug] [2022-12-30T16:34:55.502Z] [worker-pool] submitRequest(triggerId=us-central1-app) {"metadata":{"emulator":{"name":"functions"},"message":"[worker-pool] submitRequest(triggerId=us-central1-app)"}}
[debug] [2022-12-30T16:34:55.502Z] [worker-us-central1-app-799d2dd1-babb-41a5-9a3a-ac9428bf26ac]: BUSY {"metadata":{"emulator":{"name":"functions"},"message":"[worker-us-central1-app-799d2dd1-babb-41a5-9a3a-ac9428bf26ac]: BUSY"}}
[info] i  functions: Beginning execution of "app" {"metadata":{"emulator":{"name":"functions"},"function":{"name":"us-central1-app"},"extension":{},"message":"Beginning execution of \"app\""}}
[info] >  kategorija:   {"user":"kategorija:  ","metadata":{"emulator":{"name":"functions"},"function":{"name":"us-central1-app"},"extension":{},"message":"\u001b[90m> \u001b[39m kategorija:  "}}
[info] >  nema kategorija vrati sve mame mu ebem {"user":"nema kategorija vrati sve mame mu ebem","metadata":{"emulator":{"name":"functions"},"function":{"name":"us-central1-app"},"extension":{},"message":"\u001b[90m> \u001b[39m nema kategorija vrati sve mame mu ebem"}}
[debug] [2022-12-30T16:34:55.658Z] [worker-us-central1-app-799d2dd1-babb-41a5-9a3a-ac9428bf26ac]: IDLE {"metadata":{"emulator":{"name":"functions"},"message":"[worker-us-central1-app-799d2dd1-babb-41a5-9a3a-ac9428bf26ac]: IDLE"}}
[debug] [2022-12-30T16:34:55.658Z] [work-queue] {"queueLength":0,"workRunningCount":0}
[info] i  functions: Finished "app" in 151.1438ms {"metadata":{"emulator":{"name":"functions"},"function":{"name":"us-central1-app"},"extension":{},"message":"Finished \"app\" in 151.1438ms"}}
[debug] [2022-12-30T16:35:13.661Z] [work-queue] {"queueLength":1,"workRunningCount":0}
[debug] [2022-12-30T16:35:13.662Z] [work-queue] {"queueLength":0,"workRunningCount":1}
[debug] [2022-12-30T16:35:13.662Z] Accepted request GET /fitness-army/us-central1/app/api/blogs --> us-central1-app
[debug] [2022-12-30T16:35:13.669Z] [functions] Runtime ready! Sending request! {"metadata":{"emulator":{"name":"functions"},"message":"[functions] Runtime ready! Sending request!"}}
[debug] [2022-12-30T16:35:13.669Z] [functions] Got req.url=/fitness-army/us-central1/app/api/blogs, mapping to path=/api/blogs {"metadata":{"emulator":{"name":"functions"},"message":"[functions] Got req.url=/fitness-army/us-central1/app/api/blogs, mapping to path=/api/blogs"}}
[debug] [2022-12-30T16:35:13.669Z] [worker-pool] submitRequest(triggerId=us-central1-app) {"metadata":{"emulator":{"name":"functions"},"message":"[worker-pool] submitRequest(triggerId=us-central1-app)"}}
[debug] [2022-12-30T16:35:13.669Z] [worker-us-central1-app-799d2dd1-babb-41a5-9a3a-ac9428bf26ac]: BUSY {"metadata":{"emulator":{"name":"functions"},"message":"[worker-us-central1-app-799d2dd1-babb-41a5-9a3a-ac9428bf26ac]: BUSY"}}
[info] i  functions: Beginning execution of "app" {"metadata":{"emulator":{"name":"functions"},"function":{"name":"us-central1-app"},"extension":{},"message":"Beginning execution of \"app\""}}
[info] >  kategorija:  undefined {"user":"kategorija:  undefined","metadata":{"emulator":{"name":"functions"},"function":{"name":"us-central1-app"},"extension":{},"message":"\u001b[90m> \u001b[39m kategorija:  undefined"}}
[info] >  nema kategorija vrati sve mame mu ebem {"user":"nema kategorija vrati sve mame mu ebem","metadata":{"emulator":{"name":"functions"},"function":{"name":"us-central1-app"},"extension":{},"message":"\u001b[90m> \u001b[39m nema kategorija vrati sve mame mu ebem"}}
[debug] [2022-12-30T16:35:13.841Z] [worker-us-central1-app-799d2dd1-babb-41a5-9a3a-ac9428bf26ac]: IDLE {"metadata":{"emulator":{"name":"functions"},"message":"[worker-us-central1-app-799d2dd1-babb-41a5-9a3a-ac9428bf26ac]: IDLE"}}
[debug] [2022-12-30T16:35:13.841Z] [work-queue] {"queueLength":0,"workRunningCount":0}
[info] i  functions: Finished "app" in 166.5815ms {"metadata":{"emulator":{"name":"functions"},"function":{"name":"us-central1-app"},"extension":{},"message":"Finished \"app\" in 166.5815ms"}}
[debug] [2023-01-03T12:43:07.688Z] File C:\Users\mzafirovski\WebstormProjects\Diplomska\fitness-army\functions\src\controller\blog.controller.ts changed, reloading triggers {"metadata":{"emulator":{"name":"functions"},"message":"File C:\\Users\\mzafirovski\\WebstormProjects\\Diplomska\\fitness-army\\functions\\src\\controller\\blog.controller.ts changed, reloading triggers"}}
[debug] [2023-01-03T12:43:08.700Z] Validating nodejs source
[warn] !  functions: package.json indicates an outdated version of firebase-functions. Please upgrade using npm install --save firebase-functions@latest in your functions directory. 
[warn] !  functions: Please note that there will be breaking changes when you upgrade. 
[debug] [2023-01-03T12:43:11.285Z] > [functions] package.json contents: {
  "name": "functions",
  "scripts": {
    "lint": "eslint",
    "build": "tsc",
    "build:watch": "tsc --watch",
    "serve": "npm run build && firebase emulators:start --only functions",
    "shell": "npm run build && firebase functions:shell",
    "start": "npm run shell",
    "deploy": "firebase deploy --only functions",
    "logs": "firebase functions:log"
  },
  "engines": {
    "node": "16"
  },
  "main": "lib/index.js",
  "dependencies": {
    "firebase-admin": "^10.0.2",
    "firebase-functions": "^3.23.0"
  },
  "devDependencies": {
    "@typescript-eslint/eslint-plugin": "^5.12.0",
    "@typescript-eslint/parser": "^5.12.0",
    "eslint": "^8.9.0",
    "eslint-config-google": "^0.14.0",
    "eslint-plugin-import": "^2.25.4",
    "firebase-functions-test": "^0.2.0",
    "typescript": "^4.5.4"
  },
  "private": true
}
[debug] [2023-01-03T12:43:11.285Z] Building nodejs source
[debug] [2023-01-03T12:43:11.286Z] Analyzing nodejs backend spec
[debug] [2023-01-03T12:43:11.287Z] Could not find functions.yaml. Must use http discovery
[debug] [2023-01-03T12:43:11.650Z] Serving at port 9005

[debug] [2023-01-03T12:43:11.872Z] Got response from /__/functions.yaml {"endpoints":{"app":{"platform":"gcfv1","httpsTrigger":{},"entryPoint":"app"}},"specVersion":"v1alpha1","requiredAPIs":[]}
[debug] [2023-01-03T12:43:11.877Z] shutdown requested via /__/quitquitquit

[info] +  functions: Loaded functions definitions from source: app. {"metadata":{"emulator":{"name":"functions"},"message":"Loaded functions definitions from source: app."}}
[debug] [2023-01-03T12:43:11.891Z] [worker-pool] Shutting down IDLE worker (us-central1-app) {"metadata":{"emulator":{"name":"functions"},"message":"[worker-pool] Shutting down IDLE worker (us-central1-app)"}}
[debug] [2023-01-03T12:43:11.892Z] [worker-us-central1-app-799d2dd1-babb-41a5-9a3a-ac9428bf26ac]: FINISHING {"metadata":{"emulator":{"name":"functions"},"message":"[worker-us-central1-app-799d2dd1-babb-41a5-9a3a-ac9428bf26ac]: FINISHING"}}
[debug] [2023-01-03T12:43:11.899Z] [worker-us-central1-app-799d2dd1-babb-41a5-9a3a-ac9428bf26ac]: exited {"metadata":{"emulator":{"name":"functions"},"message":"[worker-us-central1-app-799d2dd1-babb-41a5-9a3a-ac9428bf26ac]: exited"}}
[debug] [2023-01-03T12:43:11.899Z] [worker-us-central1-app-799d2dd1-babb-41a5-9a3a-ac9428bf26ac]: FINISHED {"metadata":{"emulator":{"name":"functions"},"message":"[worker-us-central1-app-799d2dd1-babb-41a5-9a3a-ac9428bf26ac]: FINISHED"}}
